0 info it worked if it ends with ok
1 verbose cli [ '/usr/local/bin/node', '/usr/local/bin/npm', 'run', 'build' ]
2 info using npm@3.8.6
3 info using node@v5.12.0
4 verbose run-script [ 'prebuild', 'build', 'postbuild' ]
5 info lifecycle sjfblog@1.0.0~prebuild: sjfblog@1.0.0
6 silly lifecycle sjfblog@1.0.0~prebuild: no script for prebuild, continuing
7 info lifecycle sjfblog@1.0.0~build: sjfblog@1.0.0
8 verbose lifecycle sjfblog@1.0.0~build: unsafe-perm in lifecycle true
9 verbose lifecycle sjfblog@1.0.0~build: PATH: /usr/local/lib/node_modules/npm/bin/node-gyp-bin:/media/sjf/文档/code/web/sjfblog/node_modules/.bin:/usr/local/bin:/usr/local/sbin:/usr/local/bin:/usr/sbin:/usr/bin:/sbin:/bin:/usr/games:/usr/local/games
10 verbose lifecycle sjfblog@1.0.0~build: CWD: /media/sjf/文档/code/web/sjfblog
11 silly lifecycle sjfblog@1.0.0~build: Args: [ '-c', 'webpack --config webpack.build.js --bail -p' ]
12 silly lifecycle sjfblog@1.0.0~build: Returned: code: 1  signal: null
13 info lifecycle sjfblog@1.0.0~build: Failed to exec build script
14 verbose stack Error: sjfblog@1.0.0 build: `webpack --config webpack.build.js --bail -p`
14 verbose stack Exit status 1
14 verbose stack     at EventEmitter.<anonymous> (/usr/local/lib/node_modules/npm/lib/utils/lifecycle.js:239:16)
14 verbose stack     at emitTwo (events.js:100:13)
14 verbose stack     at EventEmitter.emit (events.js:185:7)
14 verbose stack     at ChildProcess.<anonymous> (/usr/local/lib/node_modules/npm/lib/utils/spawn.js:24:14)
14 verbose stack     at emitTwo (events.js:100:13)
14 verbose stack     at ChildProcess.emit (events.js:185:7)
14 verbose stack     at maybeClose (internal/child_process.js:850:16)
14 verbose stack     at Process.ChildProcess._handle.onexit (internal/child_process.js:215:5)
15 verbose pkgid sjfblog@1.0.0
16 verbose cwd /media/sjf/文档/code/web/sjfblog
17 error Linux 4.2.0-41-generic
18 error argv "/usr/local/bin/node" "/usr/local/bin/npm" "run" "build"
19 error node v5.12.0
20 error npm  v3.8.6
21 error code ELIFECYCLE
22 error sjfblog@1.0.0 build: `webpack --config webpack.build.js --bail -p`
22 error Exit status 1
23 error Failed at the sjfblog@1.0.0 build script 'webpack --config webpack.build.js --bail -p'.
23 error Make sure you have the latest version of node.js and npm installed.
23 error If you do, this is most likely a problem with the sjfblog package,
23 error not with npm itself.
23 error Tell the author that this fails on your system:
23 error     webpack --config webpack.build.js --bail -p
23 error You can get information on how to open an issue for this project with:
23 error     npm bugs sjfblog
23 error Or if that isn't available, you can get their info via:
23 error     npm owner ls sjfblog
23 error There is likely additional logging output above.
24 verbose exit [ 1, true ]
